  icode   ic inum1 inum2 inum3   subed  recmonps reccnstps  flow(m^3)   sed(t)      orgn(kg)    orgp(kg)    nitrate(kg) sol.p(kg)   sol.pst(mg) sor.pst(mg)
       1        1        1        0        0        0                         0.5456E+10  0.9128E+07  0.6692E+07  0.1790E+07  0.2892E+07  0.5080E+04  0.0000E+00  0.0000E+00
       1        2        2        0        0        0                         0.1346E+11  0.1541E+09  0.2518E+08  0.7254E+07  0.4403E+07  0.1334E+05  0.0000E+00  0.0000E+00
       1        3        3        0        0        0                         0.2710E+10  0.5768E+06  0.1589E+07  0.3868E+06  0.1762E+07  0.1988E+04  0.0000E+00  0.0000E+00
       1        4        4        0        0        0                         0.1771E+10  0.1873E+07  0.1674E+07  0.4172E+06  0.1332E+07  0.1915E+04  0.0000E+00  0.0000E+00
       1        5        5        0        0        0                         0.4865E+10  0.6106E+08  0.1836E+08  0.5346E+07  0.1107E+07  0.4388E+04  0.0000E+00  0.0000E+00
       1        6        6        0        0        0                         0.1825E+10  0.1044E+08  0.4677E+07  0.1306E+07  0.1443E+07  0.1658E+04  0.0000E+00  0.0000E+00
       1        7        7        0        0        0                         0.1748E+10  0.2618E+06  0.1494E+07  0.3289E+06  0.1543E+07  0.1541E+04  0.0000E+00  0.0000E+00
       1        8        8        0        0        0                         0.1026E+11  0.1625E+09  0.1964E+08  0.5642E+07  0.3533E+07  0.8544E+04  0.0000E+00  0.0000E+00
       1        9        9        0        0        0                         0.9813E+10  0.1794E+09  0.1903E+08  0.5560E+07  0.2208E+07  0.6737E+04  0.0000E+00  0.0000E+00
       1       10       10        0        0        0                         0.4042E+10  0.2364E+08  0.1446E+08  0.3995E+07  0.8517E+06  0.5951E+04  0.0000E+00  0.0000E+00
       1       11       11        0        0        0                         0.2522E+10  0.1115E+08  0.5012E+07  0.1474E+07  0.3225E+05  0.1461E+04  0.0000E+00  0.0000E+00
       1       12       12        0        0        0                         0.2052E+10  0.1269E+08  0.5427E+07  0.1545E+07  0.7437E+06  0.1759E+04  0.0000E+00  0.0000E+00
       1       13       13        0        0        0                         0.2980E+10  0.1350E+08  0.4361E+07  0.1212E+07  0.8506E+06  0.1927E+04  0.0000E+00  0.0000E+00
       1       14       14        0        0        0                         0.7235E+09  0.1555E+07  0.8563E+06  0.2288E+06  0.5188E+06  0.3456E+03  0.0000E+00  0.0000E+00
       1       15       15        0        0        0                         0.2150E+10  0.1155E+08  0.5332E+07  0.1479E+07  0.1181E+07  0.1858E+04  0.0000E+00  0.0000E+00
       1       16       16        0        0        0                         0.2016E+09  0.3810E+05  0.7992E+05  0.2066E+05  0.5701E+05  0.6887E+02  0.0000E+00  0.0000E+00
       1       17       17        0        0        0                         0.2555E+09  0.1869E+07  0.1068E+07  0.2900E+06  0.1285E+06  0.2351E+03  0.0000E+00  0.0000E+00
       1       18       18        0        0        0                         0.5865E+09  0.5683E+06  0.4404E+06  0.1148E+06  0.2945E+06  0.2586E+03  0.0000E+00  0.0000E+00
       1       19       19        0        0        0                         0.1101E+11  0.9660E+08  0.2089E+08  0.5759E+07  0.5195E+07  0.1390E+05  0.0000E+00  0.0000E+00
       1       20       20        0        0        0                         0.1927E+10  0.1883E+07  0.1418E+07  0.3706E+06  0.6692E+06  0.5945E+03  0.0000E+00  0.0000E+00
       1       21       21        0        0        0                         0.2608E+10  0.1239E+08  0.5102E+07  0.1313E+07  0.2136E+07  0.2577E+04  0.0000E+00  0.0000E+00
       1       22       22        0        0        0                         0.1011E+10  0.9117E+07  0.2927E+07  0.8069E+06  0.8139E+06  0.7173E+03  0.0000E+00  0.0000E+00
       1       23       23        0        0        0                         0.2147E+10  0.8086E+07  0.3922E+07  0.1044E+07  0.1345E+07  0.2062E+04  0.0000E+00  0.0000E+00
       1       24       24        0        0        0                         0.1067E+10  0.3780E+06  0.6147E+06  0.1718E+06  0.6348E+04  0.3770E+03  0.0000E+00  0.0000E+00
       1       25       25        0        0        0                         0.2507E+10  0.1592E+08  0.7952E+07  0.2158E+07  0.1474E+07  0.2524E+04  0.0000E+00  0.0000E+00
       1       26       26        0        0        0                         0.6441E+10  0.5707E+08  0.2512E+08  0.7246E+07  0.2658E+07  0.7285E+04  0.0000E+00  0.0000E+00
       1       27       27        0        0        0                         0.1907E+10  0.3349E+07  0.2688E+07  0.7558E+06  0.5006E+06  0.8908E+03  0.0000E+00  0.0000E+00
       2       28        1        1        1        0                         0.5401E+10  0.9128E+07  0.6519E+07  0.1714E+07  0.2834E+07  0.1524E+05  0.0000E+00  0.0000E+00
       5       29        3       28        0        0                         0.8110E+10  0.9705E+07  0.8107E+07  0.2100E+07  0.4596E+07  0.1722E+05  0.0000E+00  0.0000E+00
       2       30        3       29        3        0                         0.8063E+10  0.1247E+07  0.7937E+07  0.2030E+07  0.4545E+07  0.4898E+05  0.0000E+00  0.0000E+00
       2       31        2        2        2        0                         0.1342E+11  0.1541E+09  0.2489E+08  0.7114E+07  0.4374E+07  0.3784E+05  0.0000E+00  0.0000E+00
       5       32       19       31        0        0                         0.2443E+11  0.2507E+09  0.4577E+08  0.1287E+08  0.9570E+07  0.5174E+05  0.0000E+00  0.0000E+00
       2       33       19       32       19        0                         0.2431E+11  0.5754E+07  0.4454E+08  0.1230E+08  0.9462E+07  0.1530E+06  0.0000E+00  0.0000E+00
       2       34        4        4        4        0                         0.1770E+10  0.1873E+07  0.1672E+07  0.4162E+06  0.1329E+07  0.2785E+04  0.0000E+00  0.0000E+00
       2       35        5        5        5        0                         0.4833E+10  0.6106E+08  0.1812E+08  0.5236E+07  0.1081E+07  0.1316E+05  0.0000E+00  0.0000E+00
       5       36       12       35        0        0                         0.6885E+10  0.7374E+08  0.2355E+08  0.6782E+07  0.1825E+07  0.1492E+05  0.0000E+00  0.0000E+00
       2       37       12       36       12        0                         0.6857E+10  0.1798E+07  0.2335E+08  0.6691E+07  0.1801E+07  0.4448E+05  0.0000E+00  0.0000E+00
       2       38        6        6        6        0                         0.1820E+10  0.1044E+08  0.4656E+07  0.1297E+07  0.1436E+07  0.4858E+04  0.0000E+00  0.0000E+00
       2       39        7        7        7        0                         0.1743E+10  0.2618E+06  0.1487E+07  0.3267E+06  0.1534E+07  0.3488E+04  0.0000E+00  0.0000E+00
       2       40        8        8        8        0                         0.1024E+11  0.1625E+09  0.1950E+08  0.5573E+07  0.3511E+07  0.2335E+05  0.0000E+00  0.0000E+00
       5       41       21       40        0        0                         0.1284E+11  0.1749E+09  0.2460E+08  0.6887E+07  0.5646E+07  0.2592E+05  0.0000E+00  0.0000E+00
       2       42       21       41       21        0                         0.1277E+11  0.2969E+07  0.2413E+08  0.6670E+07  0.5563E+07  0.7578E+05  0.0000E+00  0.0000E+00
       2       43        9        9        9        0                         0.9784E+10  0.1794E+09  0.1887E+08  0.5483E+07  0.2190E+07  0.1902E+05  0.0000E+00  0.0000E+00
       5       44       25       43        0        0                         0.1229E+11  0.1954E+09  0.2682E+08  0.7642E+07  0.3664E+07  0.2155E+05  0.0000E+00  0.0000E+00
       2       45       25       44       25        0                         0.1224E+11  0.2944E+07  0.2639E+08  0.7441E+07  0.3620E+07  0.6316E+05  0.0000E+00  0.0000E+00
       2       46       10       10       10        0                         0.4019E+10  0.2364E+08  0.1429E+08  0.3917E+07  0.8350E+06  0.1785E+05  0.0000E+00  0.0000E+00
       2       47       11       11       11        0                         0.2510E+10  0.1115E+08  0.4971E+07  0.1455E+07  0.3186E+05  0.4265E+04  0.0000E+00  0.0000E+00
       2       48       23       23       23        0                         0.2142E+10  0.8086E+07  0.3907E+07  0.1038E+07  0.1337E+07  0.5300E+04  0.0000E+00  0.0000E+00
       5       49       15       30        0        0                         0.1021E+11  0.1280E+08  0.1327E+08  0.3510E+07  0.5726E+07  0.5084E+05  0.0000E+00  0.0000E+00
       5       50       49       34        0        0                         0.1198E+11  0.1467E+08  0.1494E+08  0.3926E+07  0.7055E+07  0.5363E+05  0.0000E+00  0.0000E+00
       2       51       15       50       15        0                         0.1191E+11  0.1378E+07  0.1445E+08  0.3721E+07  0.6966E+07  0.1549E+06  0.0000E+00  0.0000E+00
       5       52       14       38        0        0                         0.2544E+10  0.1200E+08  0.5512E+07  0.1526E+07  0.1955E+07  0.5204E+04  0.0000E+00  0.0000E+00
       5       53       52       39        0        0                         0.4287E+10  0.1226E+08  0.6999E+07  0.1852E+07  0.3490E+07  0.8692E+04  0.0000E+00  0.0000E+00
       2       54       14       53       14        0                         0.4262E+10  0.3616E+06  0.6836E+07  0.1782E+07  0.3450E+07  0.2607E+05  0.0000E+00  0.0000E+00
       5       55       13       46        0        0                         0.6999E+10  0.3715E+08  0.1865E+08  0.5129E+07  0.1686E+07  0.1978E+05  0.0000E+00  0.0000E+00
       5       56       55       47        0        0                         0.9509E+10  0.4830E+08  0.2362E+08  0.6584E+07  0.1717E+07  0.2404E+05  0.0000E+00  0.0000E+00
       2       57       13       56       13        0                         0.9475E+10  0.2505E+07  0.2342E+08  0.6493E+07  0.1698E+07  0.6810E+05  0.0000E+00  0.0000E+00
       5       58       16       54        0        0                         0.4463E+10  0.3997E+06  0.6916E+07  0.1803E+07  0.3507E+07  0.2614E+05  0.0000E+00  0.0000E+00
       5       59       58       51        0        0                         0.1637E+11  0.1778E+07  0.2137E+08  0.5524E+07  0.1047E+08  0.1811E+06  0.0000E+00  0.0000E+00
       2       60       16       59       16        0                         0.1636E+11  0.1778E+07  0.2134E+08  0.5511E+07  0.1047E+08  0.1919E+06  0.0000E+00  0.0000E+00
       5       61       26       37        0        0                         0.1330E+11  0.5886E+08  0.4847E+08  0.1394E+08  0.4459E+07  0.5176E+05  0.0000E+00  0.0000E+00
       5       62       61       57        0        0                         0.2277E+11  0.6137E+08  0.7188E+08  0.2043E+08  0.6157E+07  0.1199E+06  0.0000E+00  0.0000E+00
       2       63       26       62       26        0                         0.2264E+11  0.5203E+07  0.6994E+08  0.1955E+08  0.6030E+07  0.3592E+06  0.0000E+00  0.0000E+00
       5       64       27       45        0        0                         0.1414E+11  0.6293E+07  0.2908E+08  0.8196E+07  0.4121E+07  0.6405E+05  0.0000E+00  0.0000E+00
       5       65       64       63        0        0                         0.3678E+11  0.1150E+08  0.9902E+08  0.2775E+08  0.1015E+08  0.4233E+06  0.0000E+00  0.0000E+00
       2       66       27       65       27        0                         0.3667E+11  0.7375E+07  0.9751E+08  0.2708E+08  0.1006E+08  0.9119E+06  0.0000E+00  0.0000E+00
       5       67       24       48        0        0                         0.3209E+10  0.8464E+07  0.4522E+07  0.1210E+07  0.1344E+07  0.5677E+04  0.0000E+00  0.0000E+00
       5       68       67       66        0        0                         0.3987E+11  0.1584E+08  0.1020E+09  0.2829E+08  0.1140E+08  0.9176E+06  0.0000E+00  0.0000E+00
       2       69       24       68       24        0                         0.3981E+11  0.8340E+07  0.1012E+09  0.2794E+08  0.1135E+08  0.1214E+07  0.0000E+00  0.0000E+00
       5       70       22       42        0        0                         0.1378E+11  0.1209E+08  0.2706E+08  0.7477E+07  0.6377E+07  0.7650E+05  0.0000E+00  0.0000E+00
       5       71       70       69        0        0                         0.5359E+11  0.2043E+08  0.1283E+09  0.3542E+08  0.1773E+08  0.1290E+07  0.0000E+00  0.0000E+00
       2       72       22       71       22        0                         0.5351E+11  0.8925E+07  0.1269E+09  0.3480E+08  0.1765E+08  0.1827E+07  0.0000E+00  0.0000E+00
       5       73       20       33        0        0                         0.2624E+11  0.7636E+07  0.4596E+08  0.1267E+08  0.1013E+08  0.1536E+06  0.0000E+00  0.0000E+00
       5       74       73       72        0        0                         0.7975E+11  0.1656E+08  0.1729E+09  0.4748E+08  0.2778E+08  0.1981E+07  0.0000E+00  0.0000E+00
       2       75       20       74       20        0                         0.7961E+11  0.1091E+08  0.1695E+09  0.4600E+08  0.2765E+08  0.3259E+07  0.0000E+00  0.0000E+00
       5       76       18       75        0        0                         0.8019E+11  0.1148E+08  0.1699E+09  0.4611E+08  0.2794E+08  0.3259E+07  0.0000E+00  0.0000E+00
       2       77       18       76       18        0                         0.8012E+11  0.1148E+08  0.1688E+09  0.4562E+08  0.2788E+08  0.3689E+07  0.0000E+00  0.0000E+00
       5       78       17       60        0        0                         0.1662E+11  0.3647E+07  0.2241E+08  0.5801E+07  0.1060E+08  0.1922E+06  0.0000E+00  0.0000E+00
       5       79       78       77        0        0                         0.9674E+11  0.1512E+08  0.1912E+09  0.5142E+08  0.3848E+08  0.3881E+07  0.0000E+00  0.0000E+00
       2       80       17       79       17        0                         0.9669E+11  0.1512E+08  0.1907E+09  0.5122E+08  0.3842E+08  0.4050E+07  0.0000E+00  0.0000E+00
       3       81        1       80        0        0                         0.9531E+11  0.4995E+06  0.1810E+09  0.4686E+08  0.3369E+08  0.3696E+07  0.0000E+00  0.0000E+00
      14       81        1        0        0        0                         0.9531E+11  0.4995E+06  0.1810E+09  0.4686E+08  0.3369E+08  0.3696E+07  0.0000E+00  0.0000E+00
